[debug] [2021-01-25T23:58:55.996Z] ----------------------------------------------------------------------
[debug] [2021-01-25T23:58:55.998Z] Command:       C:\Program Files\nodejs\node.exe C:\Users\Jurgen Clausen\AppData\Roaming\npm\node_modules\firebase-tools\lib\bin\firebase.js emulators:start
[debug] [2021-01-25T23:58:55.999Z] CLI Version:   9.2.1
[debug] [2021-01-25T23:58:55.999Z] Platform:      win32
[debug] [2021-01-25T23:58:55.999Z] Node Version:  v14.15.4
[debug] [2021-01-25T23:58:56.000Z] Time:          Mon Jan 25 2021 17:58:55 GMT-0600 (Central Standard Time)
[debug] [2021-01-25T23:58:56.000Z] ----------------------------------------------------------------------
[debug] [2021-01-25T23:58:56.000Z] 
[debug] [2021-01-25T23:58:56.008Z] > command requires scopes: ["email","openid","https://www.googleapis.com/auth/cloudplatformprojects.readonly","https://www.googleapis.com/auth/firebase","https://www.googleapis.com/auth/cloud-platform"]
[debug] [2021-01-25T23:58:56.009Z] > authorizing via signed-in user
[info] i  emulators: Starting emulators: functions, hosting {"metadata":{"emulator":{"name":"hub"},"message":"Starting emulators: functions, hosting"}}
[debug] [2021-01-25T23:58:56.050Z] [hub] writing locator at C:\Users\JURGEN~1\AppData\Local\Temp\hub-my--clone-6f40a.json
[warn] !  functions: The following emulators are not running, calls to these services from the Functions emulator will affect production: auth, firestore, database, pubsub {"metadata":{"emulator":{"name":"functions"},"message":"The following emulators are not running, calls to these services from the Functions emulator will affect production: \u001b[1mauth, firestore, database, pubsub\u001b[22m"}}
[warn] !  Your requested "node" version "12" doesn't match your global version "14" {"metadata":{"emulator":{"name":"functions"},"message":"Your requested \"node\" version \"12\" doesn't match your global version \"14\""}}
[debug] [2021-01-25T23:58:56.080Z] defaultcredentials: writing to file C:\Users\Jurgen Clausen\AppData\Roaming\firebase\jurgen1c_gmail_com_application_default_credentials.json
[debug] [2021-01-25T23:58:56.082Z] Setting GAC to C:\Users\Jurgen Clausen\AppData\Roaming\firebase\jurgen1c_gmail_com_application_default_credentials.json {"metadata":{"emulator":{"name":"functions"},"message":"Setting GAC to C:\\Users\\Jurgen Clausen\\AppData\\Roaming\\firebase\\jurgen1c_gmail_com_application_default_credentials.json"}}
[debug] [2021-01-25T23:58:56.084Z] > refreshing access token with scopes: []
[debug] [2021-01-25T23:58:56.085Z] >>> HTTP REQUEST POST https://www.googleapis.com/oauth2/v3/token  
 <request body omitted>
[debug] [2021-01-25T23:58:56.490Z] <<< HTTP RESPONSE 200 {"pragma":"no-cache","expires":"Mon, 01 Jan 1990 00:00:00 GMT","date":"Mon, 25 Jan 2021 23:58:56 GMT","cache-control":"no-cache, no-store, max-age=0, must-revalidate","content-type":"application/json; charset=utf-8","vary":"X-Origin, Referer, Origin,Accept-Encoding","server":"scaffolding on HTTPServer2","x-xss-protection":"0","x-frame-options":"SAMEORIGIN","x-content-type-options":"nosniff","alt-svc":"h3-29=\":443\"; ma=2592000,h3-T051=\":443\"; ma=2592000,h3-Q050=\":443\"; ma=2592000,h3-Q046=\":443\"; ma=2592000,h3-Q043=\":443\"; ma=2592000,quic=\":443\"; ma=2592000; v=\"46,43\"","accept-ranges":"none","transfer-encoding":"chunked"}
[debug] [2021-01-25T23:58:56.495Z] >>> [apiv2][query] GET https://firebase.googleapis.com/v1beta1/projects/my--clone-6f40a/adminSdkConfig [none]
[debug] [2021-01-25T23:58:56.932Z] <<< [apiv2][status] GET https://firebase.googleapis.com/v1beta1/projects/my--clone-6f40a/adminSdkConfig 200
[debug] [2021-01-25T23:58:56.932Z] <<< [apiv2][body] GET https://firebase.googleapis.com/v1beta1/projects/my--clone-6f40a/adminSdkConfig {"projectId":"my--clone-6f40a","storageBucket":"my--clone-6f40a.appspot.com"}
[debug] [2021-01-25T23:58:56.943Z] >>> [apiv2][query] GET https://firebase.googleapis.com/v1beta1/projects/my--clone-6f40a/webApps/-/config [none]
[debug] [2021-01-25T23:58:57.543Z] <<< [apiv2][status] GET https://firebase.googleapis.com/v1beta1/projects/my--clone-6f40a/webApps/-/config 200
[debug] [2021-01-25T23:58:57.543Z] <<< [apiv2][body] GET https://firebase.googleapis.com/v1beta1/projects/my--clone-6f40a/webApps/-/config {"projectId":"my--clone-6f40a","storageBucket":"my--clone-6f40a.appspot.com","apiKey":"AIzaSyBZ477Glg02TRWHSNj5IaCD6auYVUjmUzs","authDomain":"my--clone-6f40a.firebaseapp.com","messagingSenderId":"531763504016"}
[info] i  hosting: Serving hosting files from: build {"metadata":{"emulator":{"name":"hosting"},"message":"Serving hosting files from: \u001b[1mbuild\u001b[22m"}}
[info] +  hosting: Local server: http://localhost:5000 {"metadata":{"emulator":{"name":"hosting"},"message":"Local server: \u001b[4m\u001b[1mhttp://localhost:5000\u001b[22m\u001b[24m"}}
[info] i  ui: downloading ui-v1.4.1.zip... {"metadata":{"emulator":{"name":"ui"},"message":"downloading ui-v1.4.1.zip..."}}
[debug] [2021-01-25T23:58:57.587Z] >>> [apiv2][query] GET https://storage.googleapis.com/firebase-preview-drop/emulator/ui-v1.4.1.zip [none]
[debug] [2021-01-25T23:58:57.900Z] <<< [apiv2][status] GET https://storage.googleapis.com/firebase-preview-drop/emulator/ui-v1.4.1.zip 200
[debug] [2021-01-25T23:58:57.901Z] <<< [apiv2][body] GET https://storage.googleapis.com/firebase-preview-drop/emulator/ui-v1.4.1.zip [stream]
[debug] [2021-01-25T23:58:59.010Z] Ignoring unsupported arg: auto_download {"metadata":{"emulator":{"name":"ui"},"message":"Ignoring unsupported arg: auto_download"}}
[debug] [2021-01-25T23:58:59.010Z] Ignoring unsupported arg: port {"metadata":{"emulator":{"name":"ui"},"message":"Ignoring unsupported arg: port"}}
[debug] [2021-01-25T23:58:59.010Z] Starting Emulator UI with command {"binary":"node","args":["C:\\Users\\Jurgen Clausen\\.cache\\firebase\\emulators\\ui-v1.4.1\\server.bundle.js"],"optionalArgs":[],"joinArgs":false} {"metadata":{"emulator":{"name":"ui"},"message":"Starting Emulator UI with command {\"binary\":\"node\",\"args\":[\"C:\\\\Users\\\\Jurgen Clausen\\\\.cache\\\\firebase\\\\emulators\\\\ui-v1.4.1\\\\server.bundle.js\"],\"optionalArgs\":[],\"joinArgs\":false}"}}
[info] i  ui: Emulator UI logging to ui-debug.log {"metadata":{"emulator":{"name":"ui"},"message":"Emulator UI logging to \u001b[1mui-debug.log\u001b[22m"}}
[debug] [2021-01-25T23:58:59.146Z] Web / API server started at http://localhost:4000
 {"metadata":{"emulator":{"name":"ui"},"message":"Web / API server started at http://localhost:4000\n"}}
[info] i  functions: Watching "D:\Projects\AmazonClone\amazon-clone\functions" for Cloud Functions... {"metadata":{"emulator":{"name":"functions"},"message":"Watching \"D:\\Projects\\AmazonClone\\amazon-clone\\functions\" for Cloud Functions..."}}
[debug] [2021-01-25T23:58:59.313Z] [worker-pool] addWorker(~diagnostic~) {"metadata":{"emulator":{"name":"functions"},"message":"[worker-pool] addWorker(~diagnostic~)"}}
[debug] [2021-01-25T23:58:59.313Z] [worker-pool] Adding worker with key ~diagnostic~, total=1 {"metadata":{"emulator":{"name":"functions"},"message":"[worker-pool] Adding worker with key ~diagnostic~, total=1"}}
[debug] [2021-01-25T23:58:59.313Z] [worker-pool] submitWork(triggerId=) {"metadata":{"emulator":{"name":"functions"},"message":"[worker-pool] submitWork(triggerId=)"}}
[debug] [2021-01-25T23:58:59.313Z] [worker-~diagnostic~-e0dfc022-21c4-485c-a12c-90bda584ef73]: Assigning socketPath: \\?\pipe\D:\Projects\AmazonClone\amazon-clone\functions\8352 {"metadata":{"emulator":{"name":"functions"},"message":"[worker-~diagnostic~-e0dfc022-21c4-485c-a12c-90bda584ef73]: Assigning socketPath: \\\\?\\pipe\\D:\\Projects\\AmazonClone\\amazon-clone\\functions\\8352"}}
[debug] [2021-01-25T23:58:59.314Z] [worker-~diagnostic~-e0dfc022-21c4-485c-a12c-90bda584ef73]: BUSY {"metadata":{"emulator":{"name":"functions"},"message":"[worker-~diagnostic~-e0dfc022-21c4-485c-a12c-90bda584ef73]: BUSY"}}
[debug] [2021-01-25T23:58:59.552Z] [runtime-status] [8352] Functions runtime initialized. {"cwd":"D:\\Projects\\AmazonClone\\amazon-clone\\functions","node_version":"14.15.4"} {"metadata":{"emulator":{"name":"functions"},"message":"[runtime-status] [8352] Functions runtime initialized. {\"cwd\":\"D:\\\\Projects\\\\AmazonClone\\\\amazon-clone\\\\functions\",\"node_version\":\"14.15.4\"}"}}
[debug] [2021-01-25T23:58:59.553Z] [runtime-status] [8352] Disabled runtime features: undefined {"metadata":{"emulator":{"name":"functions"},"message":"[runtime-status] [8352] Disabled runtime features: undefined"}}
[debug] [2021-01-25T23:58:59.557Z] [runtime-status] [8352] Resolved module firebase-admin {"declared":true,"installed":true,"version":"9.4.2","resolution":"D:\\Projects\\AmazonClone\\amazon-clone\\functions\\node_modules\\firebase-admin\\lib\\index.js"} {"metadata":{"emulator":{"name":"functions"},"message":"[runtime-status] [8352] Resolved module firebase-admin {\"declared\":true,\"installed\":true,\"version\":\"9.4.2\",\"resolution\":\"D:\\\\Projects\\\\AmazonClone\\\\amazon-clone\\\\functions\\\\node_modules\\\\firebase-admin\\\\lib\\\\index.js\"}"}}
[debug] [2021-01-25T23:58:59.559Z] [runtime-status] [8352] Resolved module firebase-functions {"declared":true,"installed":true,"version":"3.13.1","resolution":"D:\\Projects\\AmazonClone\\amazon-clone\\functions\\node_modules\\firebase-functions\\lib\\index.js"} {"metadata":{"emulator":{"name":"functions"},"message":"[runtime-status] [8352] Resolved module firebase-functions {\"declared\":true,\"installed\":true,\"version\":\"3.13.1\",\"resolution\":\"D:\\\\Projects\\\\AmazonClone\\\\amazon-clone\\\\functions\\\\node_modules\\\\firebase-functions\\\\lib\\\\index.js\"}"}}
[debug] [2021-01-25T23:58:59.561Z] [runtime-status] [8352] Resolved module firebase-functions {"declared":true,"installed":true,"version":"3.13.1","resolution":"D:\\Projects\\AmazonClone\\amazon-clone\\functions\\node_modules\\firebase-functions\\lib\\index.js"} {"metadata":{"emulator":{"name":"functions"},"message":"[runtime-status] [8352] Resolved module firebase-functions {\"declared\":true,\"installed\":true,\"version\":\"3.13.1\",\"resolution\":\"D:\\\\Projects\\\\AmazonClone\\\\amazon-clone\\\\functions\\\\node_modules\\\\firebase-functions\\\\lib\\\\index.js\"}"}}
[debug] [2021-01-25T23:58:59.563Z] [runtime-status] [8352] Outgoing network have been stubbed. [{"name":"http","status":"mocked"},{"name":"http","status":"mocked"},{"name":"https","status":"mocked"},{"name":"https","status":"mocked"},{"name":"net","status":"mocked"}] {"metadata":{"emulator":{"name":"functions"},"message":"[runtime-status] [8352] Outgoing network have been stubbed. [{\"name\":\"http\",\"status\":\"mocked\"},{\"name\":\"http\",\"status\":\"mocked\"},{\"name\":\"https\",\"status\":\"mocked\"},{\"name\":\"https\",\"status\":\"mocked\"},{\"name\":\"net\",\"status\":\"mocked\"}]"}}
[debug] [2021-01-25T23:58:59.563Z] [runtime-status] [8352] Resolved module firebase-functions {"declared":true,"installed":true,"version":"3.13.1","resolution":"D:\\Projects\\AmazonClone\\amazon-clone\\functions\\node_modules\\firebase-functions\\lib\\index.js"} {"metadata":{"emulator":{"name":"functions"},"message":"[runtime-status] [8352] Resolved module firebase-functions {\"declared\":true,\"installed\":true,\"version\":\"3.13.1\",\"resolution\":\"D:\\\\Projects\\\\AmazonClone\\\\amazon-clone\\\\functions\\\\node_modules\\\\firebase-functions\\\\lib\\\\index.js\"}"}}
[debug] [2021-01-25T23:58:59.615Z] [runtime-status] [8352] Checked functions.config() {"config":{}} {"metadata":{"emulator":{"name":"functions"},"message":"[runtime-status] [8352] Checked functions.config() {\"config\":{}}"}}
[debug] [2021-01-25T23:58:59.615Z] [runtime-status] [8352] firebase-functions has been stubbed. {"functionsResolution":{"declared":true,"installed":true,"version":"3.13.1","resolution":"D:\\Projects\\AmazonClone\\amazon-clone\\functions\\node_modules\\firebase-functions\\lib\\index.js"}} {"metadata":{"emulator":{"name":"functions"},"message":"[runtime-status] [8352] firebase-functions has been stubbed. {\"functionsResolution\":{\"declared\":true,\"installed\":true,\"version\":\"3.13.1\",\"resolution\":\"D:\\\\Projects\\\\AmazonClone\\\\amazon-clone\\\\functions\\\\node_modules\\\\firebase-functions\\\\lib\\\\index.js\"}}"}}
[debug] [2021-01-25T23:58:59.615Z] [runtime-status] [8352] Resolved module firebase-functions {"declared":true,"installed":true,"version":"3.13.1","resolution":"D:\\Projects\\AmazonClone\\amazon-clone\\functions\\node_modules\\firebase-functions\\lib\\index.js"} {"metadata":{"emulator":{"name":"functions"},"message":"[runtime-status] [8352] Resolved module firebase-functions {\"declared\":true,\"installed\":true,\"version\":\"3.13.1\",\"resolution\":\"D:\\\\Projects\\\\AmazonClone\\\\amazon-clone\\\\functions\\\\node_modules\\\\firebase-functions\\\\lib\\\\index.js\"}"}}
[debug] [2021-01-25T23:58:59.617Z] [runtime-status] [8352] Resolved module firebase-admin {"declared":true,"installed":true,"version":"9.4.2","resolution":"D:\\Projects\\AmazonClone\\amazon-clone\\functions\\node_modules\\firebase-admin\\lib\\index.js"} {"metadata":{"emulator":{"name":"functions"},"message":"[runtime-status] [8352] Resolved module firebase-admin {\"declared\":true,\"installed\":true,\"version\":\"9.4.2\",\"resolution\":\"D:\\\\Projects\\\\AmazonClone\\\\amazon-clone\\\\functions\\\\node_modules\\\\firebase-admin\\\\lib\\\\index.js\"}"}}
[debug] [2021-01-25T23:58:59.617Z] [runtime-status] [8352] Resolved module firebase-functions {"declared":true,"installed":true,"version":"3.13.1","resolution":"D:\\Projects\\AmazonClone\\amazon-clone\\functions\\node_modules\\firebase-functions\\lib\\index.js"} {"metadata":{"emulator":{"name":"functions"},"message":"[runtime-status] [8352] Resolved module firebase-functions {\"declared\":true,\"installed\":true,\"version\":\"3.13.1\",\"resolution\":\"D:\\\\Projects\\\\AmazonClone\\\\amazon-clone\\\\functions\\\\node_modules\\\\firebase-functions\\\\lib\\\\index.js\"}"}}
[debug] [2021-01-25T23:58:59.618Z] [runtime-status] [8352] firebase-admin has been stubbed. {"adminResolution":{"declared":true,"installed":true,"version":"9.4.2","resolution":"D:\\Projects\\AmazonClone\\amazon-clone\\functions\\node_modules\\firebase-admin\\lib\\index.js"}} {"metadata":{"emulator":{"name":"functions"},"message":"[runtime-status] [8352] firebase-admin has been stubbed. {\"adminResolution\":{\"declared\":true,\"installed\":true,\"version\":\"9.4.2\",\"resolution\":\"D:\\\\Projects\\\\AmazonClone\\\\amazon-clone\\\\functions\\\\node_modules\\\\firebase-admin\\\\lib\\\\index.js\"}}"}}
[info] +  functions[api]: http function initialized (http://localhost:5001/my--clone-6f40a/us-central1/api). {"metadata":{"emulator":{"name":"functions"},"message":"\u001b[1mhttp\u001b[22m function initialized (http://localhost:5001/my--clone-6f40a/us-central1/api)."}}
[info] 
┌─────────────────────────────────────────────────────────────┐
│ ✔  All emulators ready! It is now safe to connect your app. │
│ i  View Emulator UI at http://localhost:4000                │
└─────────────────────────────────────────────────────────────┘

┌───────────┬────────────────┬─────────────────────────────────┐
│ Emulator  │ Host:Port      │ View in Emulator UI             │
├───────────┼────────────────┼─────────────────────────────────┤
│ Functions │ localhost:5001 │ http://localhost:4000/functions │
├───────────┼────────────────┼─────────────────────────────────┤
│ Hosting   │ localhost:5000 │ n/a                             │
└───────────┴────────────────┴─────────────────────────────────┘
  Emulator Hub running at localhost:4400
  Other reserved ports: 4500

Issues? Report them at https://github.com/firebase/firebase-tools/issues and attach the *-debug.log files.
 
[debug] [2021-01-25T23:58:59.811Z] [worker-~diagnostic~-e0dfc022-21c4-485c-a12c-90bda584ef73]: IDLE {"metadata":{"emulator":{"name":"functions"},"message":"[worker-~diagnostic~-e0dfc022-21c4-485c-a12c-90bda584ef73]: IDLE"}}
[debug] [2021-01-26T00:01:39.823Z] File D:\Projects\AmazonClone\amazon-clone\functions\index.js changed, reloading triggers {"metadata":{"emulator":{"name":"functions"},"message":"File D:\\Projects\\AmazonClone\\amazon-clone\\functions\\index.js changed, reloading triggers"}}
[debug] [2021-01-26T00:01:40.825Z] [worker-pool] Shutting down IDLE worker (~diagnostic~) {"metadata":{"emulator":{"name":"functions"},"message":"[worker-pool] Shutting down IDLE worker (~diagnostic~)"}}
[debug] [2021-01-26T00:01:40.825Z] [worker-~diagnostic~-e0dfc022-21c4-485c-a12c-90bda584ef73]: FINISHING {"metadata":{"emulator":{"name":"functions"},"message":"[worker-~diagnostic~-e0dfc022-21c4-485c-a12c-90bda584ef73]: FINISHING"}}
[debug] [2021-01-26T00:01:40.832Z] [worker-pool] addWorker(~diagnostic~) {"metadata":{"emulator":{"name":"functions"},"message":"[worker-pool] addWorker(~diagnostic~)"}}
[debug] [2021-01-26T00:01:40.832Z] [worker-pool] Adding worker with key ~diagnostic~, total=2 {"metadata":{"emulator":{"name":"functions"},"message":"[worker-pool] Adding worker with key ~diagnostic~, total=2"}}
[debug] [2021-01-26T00:01:40.832Z] [worker-pool] submitWork(triggerId=) {"metadata":{"emulator":{"name":"functions"},"message":"[worker-pool] submitWork(triggerId=)"}}
[debug] [2021-01-26T00:01:40.832Z] [worker-~diagnostic~-1086d0b5-508f-41c1-8fe4-e315c642cd0f]: Assigning socketPath: \\?\pipe\D:\Projects\AmazonClone\amazon-clone\functions\10788 {"metadata":{"emulator":{"name":"functions"},"message":"[worker-~diagnostic~-1086d0b5-508f-41c1-8fe4-e315c642cd0f]: Assigning socketPath: \\\\?\\pipe\\D:\\Projects\\AmazonClone\\amazon-clone\\functions\\10788"}}
[debug] [2021-01-26T00:01:40.832Z] [worker-~diagnostic~-1086d0b5-508f-41c1-8fe4-e315c642cd0f]: BUSY {"metadata":{"emulator":{"name":"functions"},"message":"[worker-~diagnostic~-1086d0b5-508f-41c1-8fe4-e315c642cd0f]: BUSY"}}
[debug] [2021-01-26T00:01:40.834Z] [worker-~diagnostic~-e0dfc022-21c4-485c-a12c-90bda584ef73]: exited {"metadata":{"emulator":{"name":"functions"},"message":"[worker-~diagnostic~-e0dfc022-21c4-485c-a12c-90bda584ef73]: exited"}}
[debug] [2021-01-26T00:01:40.834Z] [worker-~diagnostic~-e0dfc022-21c4-485c-a12c-90bda584ef73]: FINISHED {"metadata":{"emulator":{"name":"functions"},"message":"[worker-~diagnostic~-e0dfc022-21c4-485c-a12c-90bda584ef73]: FINISHED"}}
[debug] [2021-01-26T00:01:41.107Z] [runtime-status] [10788] Functions runtime initialized. {"cwd":"D:\\Projects\\AmazonClone\\amazon-clone\\functions","node_version":"14.15.4"} {"metadata":{"emulator":{"name":"functions"},"message":"[runtime-status] [10788] Functions runtime initialized. {\"cwd\":\"D:\\\\Projects\\\\AmazonClone\\\\amazon-clone\\\\functions\",\"node_version\":\"14.15.4\"}"}}
[debug] [2021-01-26T00:01:41.112Z] [runtime-status] [10788] Disabled runtime features: undefined {"metadata":{"emulator":{"name":"functions"},"message":"[runtime-status] [10788] Disabled runtime features: undefined"}}
[debug] [2021-01-26T00:01:41.116Z] [runtime-status] [10788] Resolved module firebase-admin {"declared":true,"installed":true,"version":"9.4.2","resolution":"D:\\Projects\\AmazonClone\\amazon-clone\\functions\\node_modules\\firebase-admin\\lib\\index.js"} {"metadata":{"emulator":{"name":"functions"},"message":"[runtime-status] [10788] Resolved module firebase-admin {\"declared\":true,\"installed\":true,\"version\":\"9.4.2\",\"resolution\":\"D:\\\\Projects\\\\AmazonClone\\\\amazon-clone\\\\functions\\\\node_modules\\\\firebase-admin\\\\lib\\\\index.js\"}"}}
[debug] [2021-01-26T00:01:41.118Z] [runtime-status] [10788] Resolved module firebase-functions {"declared":true,"installed":true,"version":"3.13.1","resolution":"D:\\Projects\\AmazonClone\\amazon-clone\\functions\\node_modules\\firebase-functions\\lib\\index.js"} {"metadata":{"emulator":{"name":"functions"},"message":"[runtime-status] [10788] Resolved module firebase-functions {\"declared\":true,\"installed\":true,\"version\":\"3.13.1\",\"resolution\":\"D:\\\\Projects\\\\AmazonClone\\\\amazon-clone\\\\functions\\\\node_modules\\\\firebase-functions\\\\lib\\\\index.js\"}"}}
[debug] [2021-01-26T00:01:41.120Z] [runtime-status] [10788] Resolved module firebase-functions {"declared":true,"installed":true,"version":"3.13.1","resolution":"D:\\Projects\\AmazonClone\\amazon-clone\\functions\\node_modules\\firebase-functions\\lib\\index.js"} {"metadata":{"emulator":{"name":"functions"},"message":"[runtime-status] [10788] Resolved module firebase-functions {\"declared\":true,\"installed\":true,\"version\":\"3.13.1\",\"resolution\":\"D:\\\\Projects\\\\AmazonClone\\\\amazon-clone\\\\functions\\\\node_modules\\\\firebase-functions\\\\lib\\\\index.js\"}"}}
[debug] [2021-01-26T00:01:41.122Z] [runtime-status] [10788] Outgoing network have been stubbed. [{"name":"http","status":"mocked"},{"name":"http","status":"mocked"},{"name":"https","status":"mocked"},{"name":"https","status":"mocked"},{"name":"net","status":"mocked"}] {"metadata":{"emulator":{"name":"functions"},"message":"[runtime-status] [10788] Outgoing network have been stubbed. [{\"name\":\"http\",\"status\":\"mocked\"},{\"name\":\"http\",\"status\":\"mocked\"},{\"name\":\"https\",\"status\":\"mocked\"},{\"name\":\"https\",\"status\":\"mocked\"},{\"name\":\"net\",\"status\":\"mocked\"}]"}}
[debug] [2021-01-26T00:01:41.123Z] [runtime-status] [10788] Resolved module firebase-functions {"declared":true,"installed":true,"version":"3.13.1","resolution":"D:\\Projects\\AmazonClone\\amazon-clone\\functions\\node_modules\\firebase-functions\\lib\\index.js"} {"metadata":{"emulator":{"name":"functions"},"message":"[runtime-status] [10788] Resolved module firebase-functions {\"declared\":true,\"installed\":true,\"version\":\"3.13.1\",\"resolution\":\"D:\\\\Projects\\\\AmazonClone\\\\amazon-clone\\\\functions\\\\node_modules\\\\firebase-functions\\\\lib\\\\index.js\"}"}}
[debug] [2021-01-26T00:01:41.182Z] [runtime-status] [10788] Checked functions.config() {"config":{}} {"metadata":{"emulator":{"name":"functions"},"message":"[runtime-status] [10788] Checked functions.config() {\"config\":{}}"}}
[debug] [2021-01-26T00:01:41.182Z] [runtime-status] [10788] firebase-functions has been stubbed. {"functionsResolution":{"declared":true,"installed":true,"version":"3.13.1","resolution":"D:\\Projects\\AmazonClone\\amazon-clone\\functions\\node_modules\\firebase-functions\\lib\\index.js"}} {"metadata":{"emulator":{"name":"functions"},"message":"[runtime-status] [10788] firebase-functions has been stubbed. {\"functionsResolution\":{\"declared\":true,\"installed\":true,\"version\":\"3.13.1\",\"resolution\":\"D:\\\\Projects\\\\AmazonClone\\\\amazon-clone\\\\functions\\\\node_modules\\\\firebase-functions\\\\lib\\\\index.js\"}}"}}
[debug] [2021-01-26T00:01:41.183Z] [runtime-status] [10788] Resolved module firebase-functions {"declared":true,"installed":true,"version":"3.13.1","resolution":"D:\\Projects\\AmazonClone\\amazon-clone\\functions\\node_modules\\firebase-functions\\lib\\index.js"} {"metadata":{"emulator":{"name":"functions"},"message":"[runtime-status] [10788] Resolved module firebase-functions {\"declared\":true,\"installed\":true,\"version\":\"3.13.1\",\"resolution\":\"D:\\\\Projects\\\\AmazonClone\\\\amazon-clone\\\\functions\\\\node_modules\\\\firebase-functions\\\\lib\\\\index.js\"}"}}
[debug] [2021-01-26T00:01:41.184Z] [runtime-status] [10788] Resolved module firebase-admin {"declared":true,"installed":true,"version":"9.4.2","resolution":"D:\\Projects\\AmazonClone\\amazon-clone\\functions\\node_modules\\firebase-admin\\lib\\index.js"} {"metadata":{"emulator":{"name":"functions"},"message":"[runtime-status] [10788] Resolved module firebase-admin {\"declared\":true,\"installed\":true,\"version\":\"9.4.2\",\"resolution\":\"D:\\\\Projects\\\\AmazonClone\\\\amazon-clone\\\\functions\\\\node_modules\\\\firebase-admin\\\\lib\\\\index.js\"}"}}
[debug] [2021-01-26T00:01:41.185Z] [runtime-status] [10788] Resolved module firebase-functions {"declared":true,"installed":true,"version":"3.13.1","resolution":"D:\\Projects\\AmazonClone\\amazon-clone\\functions\\node_modules\\firebase-functions\\lib\\index.js"} {"metadata":{"emulator":{"name":"functions"},"message":"[runtime-status] [10788] Resolved module firebase-functions {\"declared\":true,\"installed\":true,\"version\":\"3.13.1\",\"resolution\":\"D:\\\\Projects\\\\AmazonClone\\\\amazon-clone\\\\functions\\\\node_modules\\\\firebase-functions\\\\lib\\\\index.js\"}"}}
[debug] [2021-01-26T00:01:41.185Z] [runtime-status] [10788] firebase-admin has been stubbed. {"adminResolution":{"declared":true,"installed":true,"version":"9.4.2","resolution":"D:\\Projects\\AmazonClone\\amazon-clone\\functions\\node_modules\\firebase-admin\\lib\\index.js"}} {"metadata":{"emulator":{"name":"functions"},"message":"[runtime-status] [10788] firebase-admin has been stubbed. {\"adminResolution\":{\"declared\":true,\"installed\":true,\"version\":\"9.4.2\",\"resolution\":\"D:\\\\Projects\\\\AmazonClone\\\\amazon-clone\\\\functions\\\\node_modules\\\\firebase-admin\\\\lib\\\\index.js\"}}"}}
[debug] [2021-01-26T00:01:41.398Z] [worker-~diagnostic~-1086d0b5-508f-41c1-8fe4-e315c642cd0f]: IDLE {"metadata":{"emulator":{"name":"functions"},"message":"[worker-~diagnostic~-1086d0b5-508f-41c1-8fe4-e315c642cd0f]: IDLE"}}
[debug] [2021-01-26T00:03:26.064Z] [work-queue] {"queueLength":1,"workRunningCount":0}
[debug] [2021-01-26T00:03:26.065Z] [work-queue] {"queueLength":0,"workRunningCount":1}
[debug] [2021-01-26T00:03:26.065Z] Accepted request GET /my--clone-6f40a/us-central1/api --> api
[debug] [2021-01-26T00:03:26.065Z] [worker-pool] Cleaned up workers for ~diagnostic~: 2 --> 1 {"metadata":{"emulator":{"name":"functions"},"message":"[worker-pool] Cleaned up workers for ~diagnostic~: 2 --> 1"}}
[debug] [2021-01-26T00:03:26.072Z] [worker-pool] addWorker(api) {"metadata":{"emulator":{"name":"functions"},"message":"[worker-pool] addWorker(api)"}}
[debug] [2021-01-26T00:03:26.072Z] [worker-pool] Adding worker with key api, total=1 {"metadata":{"emulator":{"name":"functions"},"message":"[worker-pool] Adding worker with key api, total=1"}}
[debug] [2021-01-26T00:03:26.073Z] [worker-pool] submitWork(triggerId=api) {"metadata":{"emulator":{"name":"functions"},"message":"[worker-pool] submitWork(triggerId=api)"}}
[debug] [2021-01-26T00:03:26.073Z] [worker-api-c6d0f2ba-5dff-4ee0-a8cb-4031beb9da7e]: Assigning socketPath: \\?\pipe\D:\Projects\AmazonClone\amazon-clone\functions\13384 {"metadata":{"emulator":{"name":"functions"},"message":"[worker-api-c6d0f2ba-5dff-4ee0-a8cb-4031beb9da7e]: Assigning socketPath: \\\\?\\pipe\\D:\\Projects\\AmazonClone\\amazon-clone\\functions\\13384"}}
[debug] [2021-01-26T00:03:26.073Z] [worker-api-c6d0f2ba-5dff-4ee0-a8cb-4031beb9da7e]: BUSY {"metadata":{"emulator":{"name":"functions"},"message":"[worker-api-c6d0f2ba-5dff-4ee0-a8cb-4031beb9da7e]: BUSY"}}
[debug] [2021-01-26T00:03:26.317Z] [runtime-status] [13384] Functions runtime initialized. {"cwd":"D:\\Projects\\AmazonClone\\amazon-clone\\functions","node_version":"14.15.4"} {"metadata":{"emulator":{"name":"functions"},"function":{"name":"api"},"message":"[runtime-status] [13384] Functions runtime initialized. {\"cwd\":\"D:\\\\Projects\\\\AmazonClone\\\\amazon-clone\\\\functions\",\"node_version\":\"14.15.4\"}"}}
[debug] [2021-01-26T00:03:26.320Z] [runtime-status] [13384] Disabled runtime features: undefined {"metadata":{"emulator":{"name":"functions"},"function":{"name":"api"},"message":"[runtime-status] [13384] Disabled runtime features: undefined"}}
[debug] [2021-01-26T00:03:26.323Z] [runtime-status] [13384] Resolved module firebase-admin {"declared":true,"installed":true,"version":"9.4.2","resolution":"D:\\Projects\\AmazonClone\\amazon-clone\\functions\\node_modules\\firebase-admin\\lib\\index.js"} {"metadata":{"emulator":{"name":"functions"},"function":{"name":"api"},"message":"[runtime-status] [13384] Resolved module firebase-admin {\"declared\":true,\"installed\":true,\"version\":\"9.4.2\",\"resolution\":\"D:\\\\Projects\\\\AmazonClone\\\\amazon-clone\\\\functions\\\\node_modules\\\\firebase-admin\\\\lib\\\\index.js\"}"}}
[debug] [2021-01-26T00:03:26.325Z] [runtime-status] [13384] Resolved module firebase-functions {"declared":true,"installed":true,"version":"3.13.1","resolution":"D:\\Projects\\AmazonClone\\amazon-clone\\functions\\node_modules\\firebase-functions\\lib\\index.js"} {"metadata":{"emulator":{"name":"functions"},"function":{"name":"api"},"message":"[runtime-status] [13384] Resolved module firebase-functions {\"declared\":true,\"installed\":true,\"version\":\"3.13.1\",\"resolution\":\"D:\\\\Projects\\\\AmazonClone\\\\amazon-clone\\\\functions\\\\node_modules\\\\firebase-functions\\\\lib\\\\index.js\"}"}}
[debug] [2021-01-26T00:03:26.327Z] [runtime-status] [13384] Resolved module firebase-functions {"declared":true,"installed":true,"version":"3.13.1","resolution":"D:\\Projects\\AmazonClone\\amazon-clone\\functions\\node_modules\\firebase-functions\\lib\\index.js"} {"metadata":{"emulator":{"name":"functions"},"function":{"name":"api"},"message":"[runtime-status] [13384] Resolved module firebase-functions {\"declared\":true,\"installed\":true,\"version\":\"3.13.1\",\"resolution\":\"D:\\\\Projects\\\\AmazonClone\\\\amazon-clone\\\\functions\\\\node_modules\\\\firebase-functions\\\\lib\\\\index.js\"}"}}
[debug] [2021-01-26T00:03:26.329Z] [runtime-status] [13384] Outgoing network have been stubbed. [{"name":"http","status":"mocked"},{"name":"http","status":"mocked"},{"name":"https","status":"mocked"},{"name":"https","status":"mocked"},{"name":"net","status":"mocked"}] {"metadata":{"emulator":{"name":"functions"},"function":{"name":"api"},"message":"[runtime-status] [13384] Outgoing network have been stubbed. [{\"name\":\"http\",\"status\":\"mocked\"},{\"name\":\"http\",\"status\":\"mocked\"},{\"name\":\"https\",\"status\":\"mocked\"},{\"name\":\"https\",\"status\":\"mocked\"},{\"name\":\"net\",\"status\":\"mocked\"}]"}}
[debug] [2021-01-26T00:03:26.330Z] [runtime-status] [13384] Resolved module firebase-functions {"declared":true,"installed":true,"version":"3.13.1","resolution":"D:\\Projects\\AmazonClone\\amazon-clone\\functions\\node_modules\\firebase-functions\\lib\\index.js"} {"metadata":{"emulator":{"name":"functions"},"function":{"name":"api"},"message":"[runtime-status] [13384] Resolved module firebase-functions {\"declared\":true,\"installed\":true,\"version\":\"3.13.1\",\"resolution\":\"D:\\\\Projects\\\\AmazonClone\\\\amazon-clone\\\\functions\\\\node_modules\\\\firebase-functions\\\\lib\\\\index.js\"}"}}
[debug] [2021-01-26T00:03:26.388Z] [runtime-status] [13384] Checked functions.config() {"config":{}} {"metadata":{"emulator":{"name":"functions"},"function":{"name":"api"},"message":"[runtime-status] [13384] Checked functions.config() {\"config\":{}}"}}
[debug] [2021-01-26T00:03:26.388Z] [runtime-status] [13384] firebase-functions has been stubbed. {"functionsResolution":{"declared":true,"installed":true,"version":"3.13.1","resolution":"D:\\Projects\\AmazonClone\\amazon-clone\\functions\\node_modules\\firebase-functions\\lib\\index.js"}} {"metadata":{"emulator":{"name":"functions"},"function":{"name":"api"},"message":"[runtime-status] [13384] firebase-functions has been stubbed. {\"functionsResolution\":{\"declared\":true,\"installed\":true,\"version\":\"3.13.1\",\"resolution\":\"D:\\\\Projects\\\\AmazonClone\\\\amazon-clone\\\\functions\\\\node_modules\\\\firebase-functions\\\\lib\\\\index.js\"}}"}}
[debug] [2021-01-26T00:03:26.389Z] [runtime-status] [13384] Resolved module firebase-functions {"declared":true,"installed":true,"version":"3.13.1","resolution":"D:\\Projects\\AmazonClone\\amazon-clone\\functions\\node_modules\\firebase-functions\\lib\\index.js"} {"metadata":{"emulator":{"name":"functions"},"function":{"name":"api"},"message":"[runtime-status] [13384] Resolved module firebase-functions {\"declared\":true,\"installed\":true,\"version\":\"3.13.1\",\"resolution\":\"D:\\\\Projects\\\\AmazonClone\\\\amazon-clone\\\\functions\\\\node_modules\\\\firebase-functions\\\\lib\\\\index.js\"}"}}
[debug] [2021-01-26T00:03:26.390Z] [runtime-status] [13384] Resolved module firebase-admin {"declared":true,"installed":true,"version":"9.4.2","resolution":"D:\\Projects\\AmazonClone\\amazon-clone\\functions\\node_modules\\firebase-admin\\lib\\index.js"} {"metadata":{"emulator":{"name":"functions"},"function":{"name":"api"},"message":"[runtime-status] [13384] Resolved module firebase-admin {\"declared\":true,\"installed\":true,\"version\":\"9.4.2\",\"resolution\":\"D:\\\\Projects\\\\AmazonClone\\\\amazon-clone\\\\functions\\\\node_modules\\\\firebase-admin\\\\lib\\\\index.js\"}"}}
[debug] [2021-01-26T00:03:26.391Z] [runtime-status] [13384] Resolved module firebase-functions {"declared":true,"installed":true,"version":"3.13.1","resolution":"D:\\Projects\\AmazonClone\\amazon-clone\\functions\\node_modules\\firebase-functions\\lib\\index.js"} {"metadata":{"emulator":{"name":"functions"},"function":{"name":"api"},"message":"[runtime-status] [13384] Resolved module firebase-functions {\"declared\":true,\"installed\":true,\"version\":\"3.13.1\",\"resolution\":\"D:\\\\Projects\\\\AmazonClone\\\\amazon-clone\\\\functions\\\\node_modules\\\\firebase-functions\\\\lib\\\\index.js\"}"}}
[debug] [2021-01-26T00:03:26.391Z] [runtime-status] [13384] firebase-admin has been stubbed. {"adminResolution":{"declared":true,"installed":true,"version":"9.4.2","resolution":"D:\\Projects\\AmazonClone\\amazon-clone\\functions\\node_modules\\firebase-admin\\lib\\index.js"}} {"metadata":{"emulator":{"name":"functions"},"function":{"name":"api"},"message":"[runtime-status] [13384] firebase-admin has been stubbed. {\"adminResolution\":{\"declared\":true,\"installed\":true,\"version\":\"9.4.2\",\"resolution\":\"D:\\\\Projects\\\\AmazonClone\\\\amazon-clone\\\\functions\\\\node_modules\\\\firebase-admin\\\\lib\\\\index.js\"}}"}}
[debug] [2021-01-26T00:03:26.567Z] [runtime-status] [13384] Trigger "api" has been found, beginning invocation! {"metadata":{"emulator":{"name":"functions"},"function":{"name":"api"},"message":"[runtime-status] [13384] Trigger \"api\" has been found, beginning invocation!"}}
[info] i  functions: Beginning execution of "api" {"metadata":{"emulator":{"name":"functions"},"function":{"name":"api"},"message":"Beginning execution of \"api\""}}
[debug] [2021-01-26T00:03:26.571Z] [runtime-status] [13384] triggerDefinition {"httpsTrigger":{},"name":"api","entryPoint":"api"} {"metadata":{"emulator":{"name":"functions"},"function":{"name":"api"},"message":"[runtime-status] [13384] triggerDefinition {\"httpsTrigger\":{},\"name\":\"api\",\"entryPoint\":\"api\"}"}}
[debug] [2021-01-26T00:03:26.572Z] [runtime-status] [13384] Running api in mode HTTPS {"metadata":{"emulator":{"name":"functions"},"function":{"name":"api"},"message":"[runtime-status] [13384] Running api in mode HTTPS"}}
[debug] [2021-01-26T00:03:26.576Z] [runtime-status] [13384] Attempting to listen to socketPath: \\?\pipe\D:\Projects\AmazonClone\amazon-clone\functions\13384 {"metadata":{"emulator":{"name":"functions"},"function":{"name":"api"},"message":"[runtime-status] [13384] Attempting to listen to socketPath: \\\\?\\pipe\\D:\\Projects\\AmazonClone\\amazon-clone\\functions\\13384"}}
[debug] [2021-01-26T00:03:26.582Z] [functions] Runtime ready! Sending request! {"metadata":{"emulator":{"name":"functions"},"message":"[functions] Runtime ready! Sending request!"}}
[debug] [2021-01-26T00:03:26.583Z] [functions] Got req.url=/my--clone-6f40a/us-central1/api, mapping to path=/ {"metadata":{"emulator":{"name":"functions"},"message":"[functions] Got req.url=/my--clone-6f40a/us-central1/api, mapping to path=/"}}
[debug] [2021-01-26T00:03:26.591Z] [runtime-status] [13384] Ephemeral server handling GET request {"metadata":{"emulator":{"name":"functions"},"function":{"name":"api"},"message":"[runtime-status] [13384] Ephemeral server handling GET request"}}
[debug] [2021-01-26T00:03:26.599Z] [runtime-status] [13384] Ephemeral server survived. {"metadata":{"emulator":{"name":"functions"},"function":{"name":"api"},"message":"[runtime-status] [13384] Ephemeral server survived."}}
[info] i  functions: Finished "api" in ~1s {"metadata":{"emulator":{"name":"functions"},"function":{"name":"api"},"message":"Finished \"api\" in ~1s"}}
[debug] [2021-01-26T00:03:26.606Z] [worker-api-c6d0f2ba-5dff-4ee0-a8cb-4031beb9da7e]: IDLE {"metadata":{"emulator":{"name":"functions"},"message":"[worker-api-c6d0f2ba-5dff-4ee0-a8cb-4031beb9da7e]: IDLE"}}
[debug] [2021-01-26T00:03:26.607Z] [work-queue] {"queueLength":0,"workRunningCount":0}
[debug] [2021-01-26T00:03:26.638Z] Functions emulator received unknown request at path /favicon.ico
[debug] [2021-01-26T00:12:39.753Z] File D:\Projects\AmazonClone\amazon-clone\functions\index.js changed, reloading triggers {"metadata":{"emulator":{"name":"functions"},"message":"File D:\\Projects\\AmazonClone\\amazon-clone\\functions\\index.js changed, reloading triggers"}}
[debug] [2021-01-26T00:12:40.768Z] [worker-pool] Shutting down IDLE worker (~diagnostic~) {"metadata":{"emulator":{"name":"functions"},"message":"[worker-pool] Shutting down IDLE worker (~diagnostic~)"}}
[debug] [2021-01-26T00:12:40.768Z] [worker-~diagnostic~-1086d0b5-508f-41c1-8fe4-e315c642cd0f]: FINISHING {"metadata":{"emulator":{"name":"functions"},"message":"[worker-~diagnostic~-1086d0b5-508f-41c1-8fe4-e315c642cd0f]: FINISHING"}}
[debug] [2021-01-26T00:12:40.769Z] [worker-pool] Shutting down IDLE worker (api) {"metadata":{"emulator":{"name":"functions"},"message":"[worker-pool] Shutting down IDLE worker (api)"}}
[debug] [2021-01-26T00:12:40.769Z] [worker-api-c6d0f2ba-5dff-4ee0-a8cb-4031beb9da7e]: FINISHING {"metadata":{"emulator":{"name":"functions"},"message":"[worker-api-c6d0f2ba-5dff-4ee0-a8cb-4031beb9da7e]: FINISHING"}}
[debug] [2021-01-26T00:12:40.775Z] [worker-pool] addWorker(~diagnostic~) {"metadata":{"emulator":{"name":"functions"},"message":"[worker-pool] addWorker(~diagnostic~)"}}
[debug] [2021-01-26T00:12:40.775Z] [worker-pool] Adding worker with key ~diagnostic~, total=2 {"metadata":{"emulator":{"name":"functions"},"message":"[worker-pool] Adding worker with key ~diagnostic~, total=2"}}
[debug] [2021-01-26T00:12:40.775Z] [worker-pool] submitWork(triggerId=) {"metadata":{"emulator":{"name":"functions"},"message":"[worker-pool] submitWork(triggerId=)"}}
[debug] [2021-01-26T00:12:40.775Z] [worker-~diagnostic~-5a64294f-6a13-4a76-81d8-809793847d72]: Assigning socketPath: \\?\pipe\D:\Projects\AmazonClone\amazon-clone\functions\13272 {"metadata":{"emulator":{"name":"functions"},"message":"[worker-~diagnostic~-5a64294f-6a13-4a76-81d8-809793847d72]: Assigning socketPath: \\\\?\\pipe\\D:\\Projects\\AmazonClone\\amazon-clone\\functions\\13272"}}
[debug] [2021-01-26T00:12:40.775Z] [worker-~diagnostic~-5a64294f-6a13-4a76-81d8-809793847d72]: BUSY {"metadata":{"emulator":{"name":"functions"},"message":"[worker-~diagnostic~-5a64294f-6a13-4a76-81d8-809793847d72]: BUSY"}}
[debug] [2021-01-26T00:12:40.776Z] [worker-api-c6d0f2ba-5dff-4ee0-a8cb-4031beb9da7e]: exited {"metadata":{"emulator":{"name":"functions"},"message":"[worker-api-c6d0f2ba-5dff-4ee0-a8cb-4031beb9da7e]: exited"}}
[debug] [2021-01-26T00:12:40.776Z] [worker-api-c6d0f2ba-5dff-4ee0-a8cb-4031beb9da7e]: FINISHED {"metadata":{"emulator":{"name":"functions"},"message":"[worker-api-c6d0f2ba-5dff-4ee0-a8cb-4031beb9da7e]: FINISHED"}}
[debug] [2021-01-26T00:12:40.776Z] [worker-~diagnostic~-1086d0b5-508f-41c1-8fe4-e315c642cd0f]: exited {"metadata":{"emulator":{"name":"functions"},"message":"[worker-~diagnostic~-1086d0b5-508f-41c1-8fe4-e315c642cd0f]: exited"}}
[debug] [2021-01-26T00:12:40.776Z] [worker-~diagnostic~-1086d0b5-508f-41c1-8fe4-e315c642cd0f]: FINISHED {"metadata":{"emulator":{"name":"functions"},"message":"[worker-~diagnostic~-1086d0b5-508f-41c1-8fe4-e315c642cd0f]: FINISHED"}}
[debug] [2021-01-26T00:12:41.049Z] [runtime-status] [13272] Functions runtime initialized. {"cwd":"D:\\Projects\\AmazonClone\\amazon-clone\\functions","node_version":"14.15.4"} {"metadata":{"emulator":{"name":"functions"},"message":"[runtime-status] [13272] Functions runtime initialized. {\"cwd\":\"D:\\\\Projects\\\\AmazonClone\\\\amazon-clone\\\\functions\",\"node_version\":\"14.15.4\"}"}}
[debug] [2021-01-26T00:12:41.052Z] [runtime-status] [13272] Disabled runtime features: undefined {"metadata":{"emulator":{"name":"functions"},"message":"[runtime-status] [13272] Disabled runtime features: undefined"}}
[debug] [2021-01-26T00:12:41.055Z] [runtime-status] [13272] Resolved module firebase-admin {"declared":true,"installed":true,"version":"9.4.2","resolution":"D:\\Projects\\AmazonClone\\amazon-clone\\functions\\node_modules\\firebase-admin\\lib\\index.js"} {"metadata":{"emulator":{"name":"functions"},"message":"[runtime-status] [13272] Resolved module firebase-admin {\"declared\":true,\"installed\":true,\"version\":\"9.4.2\",\"resolution\":\"D:\\\\Projects\\\\AmazonClone\\\\amazon-clone\\\\functions\\\\node_modules\\\\firebase-admin\\\\lib\\\\index.js\"}"}}
[debug] [2021-01-26T00:12:41.058Z] [runtime-status] [13272] Resolved module firebase-functions {"declared":true,"installed":true,"version":"3.13.1","resolution":"D:\\Projects\\AmazonClone\\amazon-clone\\functions\\node_modules\\firebase-functions\\lib\\index.js"} {"metadata":{"emulator":{"name":"functions"},"message":"[runtime-status] [13272] Resolved module firebase-functions {\"declared\":true,\"installed\":true,\"version\":\"3.13.1\",\"resolution\":\"D:\\\\Projects\\\\AmazonClone\\\\amazon-clone\\\\functions\\\\node_modules\\\\firebase-functions\\\\lib\\\\index.js\"}"}}
[debug] [2021-01-26T00:12:41.060Z] [runtime-status] [13272] Resolved module firebase-functions {"declared":true,"installed":true,"version":"3.13.1","resolution":"D:\\Projects\\AmazonClone\\amazon-clone\\functions\\node_modules\\firebase-functions\\lib\\index.js"} {"metadata":{"emulator":{"name":"functions"},"message":"[runtime-status] [13272] Resolved module firebase-functions {\"declared\":true,\"installed\":true,\"version\":\"3.13.1\",\"resolution\":\"D:\\\\Projects\\\\AmazonClone\\\\amazon-clone\\\\functions\\\\node_modules\\\\firebase-functions\\\\lib\\\\index.js\"}"}}
[debug] [2021-01-26T00:12:41.062Z] [runtime-status] [13272] Outgoing network have been stubbed. [{"name":"http","status":"mocked"},{"name":"http","status":"mocked"},{"name":"https","status":"mocked"},{"name":"https","status":"mocked"},{"name":"net","status":"mocked"}] {"metadata":{"emulator":{"name":"functions"},"message":"[runtime-status] [13272] Outgoing network have been stubbed. [{\"name\":\"http\",\"status\":\"mocked\"},{\"name\":\"http\",\"status\":\"mocked\"},{\"name\":\"https\",\"status\":\"mocked\"},{\"name\":\"https\",\"status\":\"mocked\"},{\"name\":\"net\",\"status\":\"mocked\"}]"}}
[debug] [2021-01-26T00:12:41.062Z] [runtime-status] [13272] Resolved module firebase-functions {"declared":true,"installed":true,"version":"3.13.1","resolution":"D:\\Projects\\AmazonClone\\amazon-clone\\functions\\node_modules\\firebase-functions\\lib\\index.js"} {"metadata":{"emulator":{"name":"functions"},"message":"[runtime-status] [13272] Resolved module firebase-functions {\"declared\":true,\"installed\":true,\"version\":\"3.13.1\",\"resolution\":\"D:\\\\Projects\\\\AmazonClone\\\\amazon-clone\\\\functions\\\\node_modules\\\\firebase-functions\\\\lib\\\\index.js\"}"}}
[debug] [2021-01-26T00:12:41.118Z] [runtime-status] [13272] Checked functions.config() {"config":{}} {"metadata":{"emulator":{"name":"functions"},"message":"[runtime-status] [13272] Checked functions.config() {\"config\":{}}"}}
[debug] [2021-01-26T00:12:41.118Z] [runtime-status] [13272] firebase-functions has been stubbed. {"functionsResolution":{"declared":true,"installed":true,"version":"3.13.1","resolution":"D:\\Projects\\AmazonClone\\amazon-clone\\functions\\node_modules\\firebase-functions\\lib\\index.js"}} {"metadata":{"emulator":{"name":"functions"},"message":"[runtime-status] [13272] firebase-functions has been stubbed. {\"functionsResolution\":{\"declared\":true,\"installed\":true,\"version\":\"3.13.1\",\"resolution\":\"D:\\\\Projects\\\\AmazonClone\\\\amazon-clone\\\\functions\\\\node_modules\\\\firebase-functions\\\\lib\\\\index.js\"}}"}}
[debug] [2021-01-26T00:12:41.120Z] [runtime-status] [13272] Resolved module firebase-functions {"declared":true,"installed":true,"version":"3.13.1","resolution":"D:\\Projects\\AmazonClone\\amazon-clone\\functions\\node_modules\\firebase-functions\\lib\\index.js"} {"metadata":{"emulator":{"name":"functions"},"message":"[runtime-status] [13272] Resolved module firebase-functions {\"declared\":true,\"installed\":true,\"version\":\"3.13.1\",\"resolution\":\"D:\\\\Projects\\\\AmazonClone\\\\amazon-clone\\\\functions\\\\node_modules\\\\firebase-functions\\\\lib\\\\index.js\"}"}}
[debug] [2021-01-26T00:12:41.122Z] [runtime-status] [13272] Resolved module firebase-admin {"declared":true,"installed":true,"version":"9.4.2","resolution":"D:\\Projects\\AmazonClone\\amazon-clone\\functions\\node_modules\\firebase-admin\\lib\\index.js"} {"metadata":{"emulator":{"name":"functions"},"message":"[runtime-status] [13272] Resolved module firebase-admin {\"declared\":true,\"installed\":true,\"version\":\"9.4.2\",\"resolution\":\"D:\\\\Projects\\\\AmazonClone\\\\amazon-clone\\\\functions\\\\node_modules\\\\firebase-admin\\\\lib\\\\index.js\"}"}}
[debug] [2021-01-26T00:12:41.122Z] [runtime-status] [13272] Resolved module firebase-functions {"declared":true,"installed":true,"version":"3.13.1","resolution":"D:\\Projects\\AmazonClone\\amazon-clone\\functions\\node_modules\\firebase-functions\\lib\\index.js"} {"metadata":{"emulator":{"name":"functions"},"message":"[runtime-status] [13272] Resolved module firebase-functions {\"declared\":true,\"installed\":true,\"version\":\"3.13.1\",\"resolution\":\"D:\\\\Projects\\\\AmazonClone\\\\amazon-clone\\\\functions\\\\node_modules\\\\firebase-functions\\\\lib\\\\index.js\"}"}}
[debug] [2021-01-26T00:12:41.123Z] [runtime-status] [13272] firebase-admin has been stubbed. {"adminResolution":{"declared":true,"installed":true,"version":"9.4.2","resolution":"D:\\Projects\\AmazonClone\\amazon-clone\\functions\\node_modules\\firebase-admin\\lib\\index.js"}} {"metadata":{"emulator":{"name":"functions"},"message":"[runtime-status] [13272] firebase-admin has been stubbed. {\"adminResolution\":{\"declared\":true,\"installed\":true,\"version\":\"9.4.2\",\"resolution\":\"D:\\\\Projects\\\\AmazonClone\\\\amazon-clone\\\\functions\\\\node_modules\\\\firebase-admin\\\\lib\\\\index.js\"}}"}}
[debug] [2021-01-26T00:12:41.308Z] [worker-~diagnostic~-5a64294f-6a13-4a76-81d8-809793847d72]: IDLE {"metadata":{"emulator":{"name":"functions"},"message":"[worker-~diagnostic~-5a64294f-6a13-4a76-81d8-809793847d72]: IDLE"}}
[debug] [2021-01-26T00:13:50.856Z] File D:\Projects\AmazonClone\amazon-clone\functions\index.js changed, reloading triggers {"metadata":{"emulator":{"name":"functions"},"message":"File D:\\Projects\\AmazonClone\\amazon-clone\\functions\\index.js changed, reloading triggers"}}
[debug] [2021-01-26T00:13:51.865Z] [worker-pool] Shutting down IDLE worker (~diagnostic~) {"metadata":{"emulator":{"name":"functions"},"message":"[worker-pool] Shutting down IDLE worker (~diagnostic~)"}}
[debug] [2021-01-26T00:13:51.865Z] [worker-~diagnostic~-5a64294f-6a13-4a76-81d8-809793847d72]: FINISHING {"metadata":{"emulator":{"name":"functions"},"message":"[worker-~diagnostic~-5a64294f-6a13-4a76-81d8-809793847d72]: FINISHING"}}
[debug] [2021-01-26T00:13:51.865Z] [worker-pool] Cleaned up workers for ~diagnostic~: 2 --> 1 {"metadata":{"emulator":{"name":"functions"},"message":"[worker-pool] Cleaned up workers for ~diagnostic~: 2 --> 1"}}
[debug] [2021-01-26T00:13:51.865Z] [worker-pool] Cleaned up workers for api: 1 --> 0 {"metadata":{"emulator":{"name":"functions"},"message":"[worker-pool] Cleaned up workers for api: 1 --> 0"}}
[debug] [2021-01-26T00:13:51.870Z] [worker-pool] addWorker(~diagnostic~) {"metadata":{"emulator":{"name":"functions"},"message":"[worker-pool] addWorker(~diagnostic~)"}}
[debug] [2021-01-26T00:13:51.870Z] [worker-pool] Adding worker with key ~diagnostic~, total=2 {"metadata":{"emulator":{"name":"functions"},"message":"[worker-pool] Adding worker with key ~diagnostic~, total=2"}}
[debug] [2021-01-26T00:13:51.871Z] [worker-pool] submitWork(triggerId=) {"metadata":{"emulator":{"name":"functions"},"message":"[worker-pool] submitWork(triggerId=)"}}
[debug] [2021-01-26T00:13:51.871Z] [worker-~diagnostic~-92df943d-bb47-427e-aba6-18e69ca7a71d]: Assigning socketPath: \\?\pipe\D:\Projects\AmazonClone\amazon-clone\functions\11992 {"metadata":{"emulator":{"name":"functions"},"message":"[worker-~diagnostic~-92df943d-bb47-427e-aba6-18e69ca7a71d]: Assigning socketPath: \\\\?\\pipe\\D:\\Projects\\AmazonClone\\amazon-clone\\functions\\11992"}}
[debug] [2021-01-26T00:13:51.871Z] [worker-~diagnostic~-92df943d-bb47-427e-aba6-18e69ca7a71d]: BUSY {"metadata":{"emulator":{"name":"functions"},"message":"[worker-~diagnostic~-92df943d-bb47-427e-aba6-18e69ca7a71d]: BUSY"}}
[debug] [2021-01-26T00:13:51.871Z] [worker-~diagnostic~-5a64294f-6a13-4a76-81d8-809793847d72]: exited {"metadata":{"emulator":{"name":"functions"},"message":"[worker-~diagnostic~-5a64294f-6a13-4a76-81d8-809793847d72]: exited"}}
[debug] [2021-01-26T00:13:51.871Z] [worker-~diagnostic~-5a64294f-6a13-4a76-81d8-809793847d72]: FINISHED {"metadata":{"emulator":{"name":"functions"},"message":"[worker-~diagnostic~-5a64294f-6a13-4a76-81d8-809793847d72]: FINISHED"}}
[debug] [2021-01-26T00:13:52.149Z] [runtime-status] [11992] Functions runtime initialized. {"cwd":"D:\\Projects\\AmazonClone\\amazon-clone\\functions","node_version":"14.15.4"} {"metadata":{"emulator":{"name":"functions"},"message":"[runtime-status] [11992] Functions runtime initialized. {\"cwd\":\"D:\\\\Projects\\\\AmazonClone\\\\amazon-clone\\\\functions\",\"node_version\":\"14.15.4\"}"}}
[debug] [2021-01-26T00:13:52.152Z] [runtime-status] [11992] Disabled runtime features: undefined {"metadata":{"emulator":{"name":"functions"},"message":"[runtime-status] [11992] Disabled runtime features: undefined"}}
[debug] [2021-01-26T00:13:52.156Z] [runtime-status] [11992] Resolved module firebase-admin {"declared":true,"installed":true,"version":"9.4.2","resolution":"D:\\Projects\\AmazonClone\\amazon-clone\\functions\\node_modules\\firebase-admin\\lib\\index.js"} {"metadata":{"emulator":{"name":"functions"},"message":"[runtime-status] [11992] Resolved module firebase-admin {\"declared\":true,\"installed\":true,\"version\":\"9.4.2\",\"resolution\":\"D:\\\\Projects\\\\AmazonClone\\\\amazon-clone\\\\functions\\\\node_modules\\\\firebase-admin\\\\lib\\\\index.js\"}"}}
[debug] [2021-01-26T00:13:52.157Z] [runtime-status] [11992] Resolved module firebase-functions {"declared":true,"installed":true,"version":"3.13.1","resolution":"D:\\Projects\\AmazonClone\\amazon-clone\\functions\\node_modules\\firebase-functions\\lib\\index.js"} {"metadata":{"emulator":{"name":"functions"},"message":"[runtime-status] [11992] Resolved module firebase-functions {\"declared\":true,\"installed\":true,\"version\":\"3.13.1\",\"resolution\":\"D:\\\\Projects\\\\AmazonClone\\\\amazon-clone\\\\functions\\\\node_modules\\\\firebase-functions\\\\lib\\\\index.js\"}"}}
[debug] [2021-01-26T00:13:52.159Z] [runtime-status] [11992] Resolved module firebase-functions {"declared":true,"installed":true,"version":"3.13.1","resolution":"D:\\Projects\\AmazonClone\\amazon-clone\\functions\\node_modules\\firebase-functions\\lib\\index.js"} {"metadata":{"emulator":{"name":"functions"},"message":"[runtime-status] [11992] Resolved module firebase-functions {\"declared\":true,\"installed\":true,\"version\":\"3.13.1\",\"resolution\":\"D:\\\\Projects\\\\AmazonClone\\\\amazon-clone\\\\functions\\\\node_modules\\\\firebase-functions\\\\lib\\\\index.js\"}"}}
[debug] [2021-01-26T00:13:52.161Z] [runtime-status] [11992] Outgoing network have been stubbed. [{"name":"http","status":"mocked"},{"name":"http","status":"mocked"},{"name":"https","status":"mocked"},{"name":"https","status":"mocked"},{"name":"net","status":"mocked"}] {"metadata":{"emulator":{"name":"functions"},"message":"[runtime-status] [11992] Outgoing network have been stubbed. [{\"name\":\"http\",\"status\":\"mocked\"},{\"name\":\"http\",\"status\":\"mocked\"},{\"name\":\"https\",\"status\":\"mocked\"},{\"name\":\"https\",\"status\":\"mocked\"},{\"name\":\"net\",\"status\":\"mocked\"}]"}}
[debug] [2021-01-26T00:13:52.162Z] [runtime-status] [11992] Resolved module firebase-functions {"declared":true,"installed":true,"version":"3.13.1","resolution":"D:\\Projects\\AmazonClone\\amazon-clone\\functions\\node_modules\\firebase-functions\\lib\\index.js"} {"metadata":{"emulator":{"name":"functions"},"message":"[runtime-status] [11992] Resolved module firebase-functions {\"declared\":true,\"installed\":true,\"version\":\"3.13.1\",\"resolution\":\"D:\\\\Projects\\\\AmazonClone\\\\amazon-clone\\\\functions\\\\node_modules\\\\firebase-functions\\\\lib\\\\index.js\"}"}}
[debug] [2021-01-26T00:13:52.217Z] [runtime-status] [11992] Checked functions.config() {"config":{}} {"metadata":{"emulator":{"name":"functions"},"message":"[runtime-status] [11992] Checked functions.config() {\"config\":{}}"}}
[debug] [2021-01-26T00:13:52.218Z] [runtime-status] [11992] firebase-functions has been stubbed. {"functionsResolution":{"declared":true,"installed":true,"version":"3.13.1","resolution":"D:\\Projects\\AmazonClone\\amazon-clone\\functions\\node_modules\\firebase-functions\\lib\\index.js"}} {"metadata":{"emulator":{"name":"functions"},"message":"[runtime-status] [11992] firebase-functions has been stubbed. {\"functionsResolution\":{\"declared\":true,\"installed\":true,\"version\":\"3.13.1\",\"resolution\":\"D:\\\\Projects\\\\AmazonClone\\\\amazon-clone\\\\functions\\\\node_modules\\\\firebase-functions\\\\lib\\\\index.js\"}}"}}
[debug] [2021-01-26T00:13:52.219Z] [runtime-status] [11992] Resolved module firebase-functions {"declared":true,"installed":true,"version":"3.13.1","resolution":"D:\\Projects\\AmazonClone\\amazon-clone\\functions\\node_modules\\firebase-functions\\lib\\index.js"} {"metadata":{"emulator":{"name":"functions"},"message":"[runtime-status] [11992] Resolved module firebase-functions {\"declared\":true,\"installed\":true,\"version\":\"3.13.1\",\"resolution\":\"D:\\\\Projects\\\\AmazonClone\\\\amazon-clone\\\\functions\\\\node_modules\\\\firebase-functions\\\\lib\\\\index.js\"}"}}
[debug] [2021-01-26T00:13:52.220Z] [runtime-status] [11992] Resolved module firebase-admin {"declared":true,"installed":true,"version":"9.4.2","resolution":"D:\\Projects\\AmazonClone\\amazon-clone\\functions\\node_modules\\firebase-admin\\lib\\index.js"} {"metadata":{"emulator":{"name":"functions"},"message":"[runtime-status] [11992] Resolved module firebase-admin {\"declared\":true,\"installed\":true,\"version\":\"9.4.2\",\"resolution\":\"D:\\\\Projects\\\\AmazonClone\\\\amazon-clone\\\\functions\\\\node_modules\\\\firebase-admin\\\\lib\\\\index.js\"}"}}
[debug] [2021-01-26T00:13:52.221Z] [runtime-status] [11992] Resolved module firebase-functions {"declared":true,"installed":true,"version":"3.13.1","resolution":"D:\\Projects\\AmazonClone\\amazon-clone\\functions\\node_modules\\firebase-functions\\lib\\index.js"} {"metadata":{"emulator":{"name":"functions"},"message":"[runtime-status] [11992] Resolved module firebase-functions {\"declared\":true,\"installed\":true,\"version\":\"3.13.1\",\"resolution\":\"D:\\\\Projects\\\\AmazonClone\\\\amazon-clone\\\\functions\\\\node_modules\\\\firebase-functions\\\\lib\\\\index.js\"}"}}
[debug] [2021-01-26T00:13:52.221Z] [runtime-status] [11992] firebase-admin has been stubbed. {"adminResolution":{"declared":true,"installed":true,"version":"9.4.2","resolution":"D:\\Projects\\AmazonClone\\amazon-clone\\functions\\node_modules\\firebase-admin\\lib\\index.js"}} {"metadata":{"emulator":{"name":"functions"},"message":"[runtime-status] [11992] firebase-admin has been stubbed. {\"adminResolution\":{\"declared\":true,\"installed\":true,\"version\":\"9.4.2\",\"resolution\":\"D:\\\\Projects\\\\AmazonClone\\\\amazon-clone\\\\functions\\\\node_modules\\\\firebase-admin\\\\lib\\\\index.js\"}}"}}
[debug] [2021-01-26T00:13:52.405Z] [worker-~diagnostic~-92df943d-bb47-427e-aba6-18e69ca7a71d]: IDLE {"metadata":{"emulator":{"name":"functions"},"message":"[worker-~diagnostic~-92df943d-bb47-427e-aba6-18e69ca7a71d]: IDLE"}}
