[debug] [2021-01-26T12:34:50.101Z] ----------------------------------------------------------------------
[debug] [2021-01-26T12:34:50.103Z] Command:       C:\Program Files\nodejs\node.exe C:\Users\Jurgen Clausen\AppData\Roaming\npm\node_modules\firebase-tools\lib\bin\firebase.js emulators:start
[debug] [2021-01-26T12:34:50.104Z] CLI Version:   9.2.1
[debug] [2021-01-26T12:34:50.104Z] Platform:      win32
[debug] [2021-01-26T12:34:50.104Z] Node Version:  v14.15.4
[debug] [2021-01-26T12:34:50.105Z] Time:          Tue Jan 26 2021 06:34:50 GMT-0600 (Central Standard Time)
[debug] [2021-01-26T12:34:50.105Z] ----------------------------------------------------------------------
[debug] [2021-01-26T12:34:50.105Z] 
[debug] [2021-01-26T12:34:50.114Z] > command requires scopes: ["email","openid","https://www.googleapis.com/auth/cloudplatformprojects.readonly","https://www.googleapis.com/auth/firebase","https://www.googleapis.com/auth/cloud-platform"]
[debug] [2021-01-26T12:34:50.115Z] > authorizing via signed-in user
[info] i  emulators: Starting emulators: functions, hosting {"metadata":{"emulator":{"name":"hub"},"message":"Starting emulators: functions, hosting"}}
[warn] !  emulators: It seems that you are running multiple instances of the emulator suite for project my--clone-6f40a. This may result in unexpected behavior. 
[debug] [2021-01-26T12:34:50.161Z] [hub] writing locator at C:\Users\JURGEN~1\AppData\Local\Temp\hub-my--clone-6f40a.json
[warn] !  functions: The following emulators are not running, calls to these services from the Functions emulator will affect production: auth, firestore, database, pubsub {"metadata":{"emulator":{"name":"functions"},"message":"The following emulators are not running, calls to these services from the Functions emulator will affect production: \u001b[1mauth, firestore, database, pubsub\u001b[22m"}}
[warn] !  Your requested "node" version "12" doesn't match your global version "14" {"metadata":{"emulator":{"name":"functions"},"message":"Your requested \"node\" version \"12\" doesn't match your global version \"14\""}}
[debug] [2021-01-26T12:34:50.230Z] defaultcredentials: writing to file C:\Users\Jurgen Clausen\AppData\Roaming\firebase\jurgen1c_gmail_com_application_default_credentials.json
[debug] [2021-01-26T12:34:50.233Z] Setting GAC to C:\Users\Jurgen Clausen\AppData\Roaming\firebase\jurgen1c_gmail_com_application_default_credentials.json {"metadata":{"emulator":{"name":"functions"},"message":"Setting GAC to C:\\Users\\Jurgen Clausen\\AppData\\Roaming\\firebase\\jurgen1c_gmail_com_application_default_credentials.json"}}
[debug] [2021-01-26T12:34:50.236Z] > refreshing access token with scopes: []
[debug] [2021-01-26T12:34:50.237Z] >>> HTTP REQUEST POST https://www.googleapis.com/oauth2/v3/token  
 <request body omitted>
[debug] [2021-01-26T12:34:50.547Z] <<< HTTP RESPONSE 200 {"expires":"Mon, 01 Jan 1990 00:00:00 GMT","cache-control":"no-cache, no-store, max-age=0, must-revalidate","pragma":"no-cache","date":"Tue, 26 Jan 2021 12:34:51 GMT","content-type":"application/json; charset=utf-8","vary":"X-Origin, Referer, Origin,Accept-Encoding","server":"scaffolding on HTTPServer2","x-xss-protection":"0","x-frame-options":"SAMEORIGIN","x-content-type-options":"nosniff","alt-svc":"h3-29=\":443\"; ma=2592000,h3-T051=\":443\"; ma=2592000,h3-Q050=\":443\"; ma=2592000,h3-Q046=\":443\"; ma=2592000,h3-Q043=\":443\"; ma=2592000,quic=\":443\"; ma=2592000; v=\"46,43\"","accept-ranges":"none","transfer-encoding":"chunked"}
[debug] [2021-01-26T12:34:50.552Z] >>> [apiv2][query] GET https://firebase.googleapis.com/v1beta1/projects/my--clone-6f40a/adminSdkConfig [none]
[debug] [2021-01-26T12:34:50.962Z] <<< [apiv2][status] GET https://firebase.googleapis.com/v1beta1/projects/my--clone-6f40a/adminSdkConfig 200
[debug] [2021-01-26T12:34:50.963Z] <<< [apiv2][body] GET https://firebase.googleapis.com/v1beta1/projects/my--clone-6f40a/adminSdkConfig {"projectId":"my--clone-6f40a","storageBucket":"my--clone-6f40a.appspot.com"}
[debug] [2021-01-26T12:34:50.973Z] >>> [apiv2][query] GET https://firebase.googleapis.com/v1beta1/projects/my--clone-6f40a/webApps/-/config [none]
[debug] [2021-01-26T12:34:51.583Z] <<< [apiv2][status] GET https://firebase.googleapis.com/v1beta1/projects/my--clone-6f40a/webApps/-/config 200
[debug] [2021-01-26T12:34:51.584Z] <<< [apiv2][body] GET https://firebase.googleapis.com/v1beta1/projects/my--clone-6f40a/webApps/-/config {"projectId":"my--clone-6f40a","storageBucket":"my--clone-6f40a.appspot.com","apiKey":"AIzaSyBZ477Glg02TRWHSNj5IaCD6auYVUjmUzs","authDomain":"my--clone-6f40a.firebaseapp.com","messagingSenderId":"531763504016"}
[info] i  hosting: Serving hosting files from: build {"metadata":{"emulator":{"name":"hosting"},"message":"Serving hosting files from: \u001b[1mbuild\u001b[22m"}}
[info] +  hosting: Local server: http://localhost:5000 {"metadata":{"emulator":{"name":"hosting"},"message":"Local server: \u001b[4m\u001b[1mhttp://localhost:5000\u001b[22m\u001b[24m"}}
[debug] [2021-01-26T12:34:51.619Z] Ignoring unsupported arg: auto_download {"metadata":{"emulator":{"name":"ui"},"message":"Ignoring unsupported arg: auto_download"}}
[debug] [2021-01-26T12:34:51.619Z] Ignoring unsupported arg: port {"metadata":{"emulator":{"name":"ui"},"message":"Ignoring unsupported arg: port"}}
[debug] [2021-01-26T12:34:51.619Z] Starting Emulator UI with command {"binary":"node","args":["C:\\Users\\Jurgen Clausen\\.cache\\firebase\\emulators\\ui-v1.4.1\\server.bundle.js"],"optionalArgs":[],"joinArgs":false} {"metadata":{"emulator":{"name":"ui"},"message":"Starting Emulator UI with command {\"binary\":\"node\",\"args\":[\"C:\\\\Users\\\\Jurgen Clausen\\\\.cache\\\\firebase\\\\emulators\\\\ui-v1.4.1\\\\server.bundle.js\"],\"optionalArgs\":[],\"joinArgs\":false}"}}
[info] i  ui: Emulator UI logging to ui-debug.log {"metadata":{"emulator":{"name":"ui"},"message":"Emulator UI logging to \u001b[1mui-debug.log\u001b[22m"}}
[debug] [2021-01-26T12:34:51.763Z] Web / API server started at http://localhost:4000
 {"metadata":{"emulator":{"name":"ui"},"message":"Web / API server started at http://localhost:4000\n"}}
[info] i  functions: Watching "D:\Projects\AmazonClone\amazon-clone\functions" for Cloud Functions... {"metadata":{"emulator":{"name":"functions"},"message":"Watching \"D:\\Projects\\AmazonClone\\amazon-clone\\functions\" for Cloud Functions..."}}
[debug] [2021-01-26T12:34:51.912Z] [worker-pool] addWorker(~diagnostic~) {"metadata":{"emulator":{"name":"functions"},"message":"[worker-pool] addWorker(~diagnostic~)"}}
[debug] [2021-01-26T12:34:51.913Z] [worker-pool] Adding worker with key ~diagnostic~, total=1 {"metadata":{"emulator":{"name":"functions"},"message":"[worker-pool] Adding worker with key ~diagnostic~, total=1"}}
[debug] [2021-01-26T12:34:51.913Z] [worker-pool] submitWork(triggerId=) {"metadata":{"emulator":{"name":"functions"},"message":"[worker-pool] submitWork(triggerId=)"}}
[debug] [2021-01-26T12:34:51.913Z] [worker-~diagnostic~-1c7618da-25e7-4a03-8b9d-200ec01cec80]: Assigning socketPath: \\?\pipe\D:\Projects\AmazonClone\amazon-clone\functions\9024 {"metadata":{"emulator":{"name":"functions"},"message":"[worker-~diagnostic~-1c7618da-25e7-4a03-8b9d-200ec01cec80]: Assigning socketPath: \\\\?\\pipe\\D:\\Projects\\AmazonClone\\amazon-clone\\functions\\9024"}}
[debug] [2021-01-26T12:34:51.914Z] [worker-~diagnostic~-1c7618da-25e7-4a03-8b9d-200ec01cec80]: BUSY {"metadata":{"emulator":{"name":"functions"},"message":"[worker-~diagnostic~-1c7618da-25e7-4a03-8b9d-200ec01cec80]: BUSY"}}
[debug] [2021-01-26T12:34:52.159Z] [runtime-status] [9024] Functions runtime initialized. {"cwd":"D:\\Projects\\AmazonClone\\amazon-clone\\functions","node_version":"14.15.4"} {"metadata":{"emulator":{"name":"functions"},"message":"[runtime-status] [9024] Functions runtime initialized. {\"cwd\":\"D:\\\\Projects\\\\AmazonClone\\\\amazon-clone\\\\functions\",\"node_version\":\"14.15.4\"}"}}
[debug] [2021-01-26T12:34:52.161Z] [runtime-status] [9024] Disabled runtime features: undefined {"metadata":{"emulator":{"name":"functions"},"message":"[runtime-status] [9024] Disabled runtime features: undefined"}}
[debug] [2021-01-26T12:34:52.164Z] [runtime-status] [9024] Resolved module firebase-admin {"declared":true,"installed":true,"version":"9.4.2","resolution":"D:\\Projects\\AmazonClone\\amazon-clone\\functions\\node_modules\\firebase-admin\\lib\\index.js"} {"metadata":{"emulator":{"name":"functions"},"message":"[runtime-status] [9024] Resolved module firebase-admin {\"declared\":true,\"installed\":true,\"version\":\"9.4.2\",\"resolution\":\"D:\\\\Projects\\\\AmazonClone\\\\amazon-clone\\\\functions\\\\node_modules\\\\firebase-admin\\\\lib\\\\index.js\"}"}}
[debug] [2021-01-26T12:34:52.166Z] [runtime-status] [9024] Resolved module firebase-functions {"declared":true,"installed":true,"version":"3.13.1","resolution":"D:\\Projects\\AmazonClone\\amazon-clone\\functions\\node_modules\\firebase-functions\\lib\\index.js"} {"metadata":{"emulator":{"name":"functions"},"message":"[runtime-status] [9024] Resolved module firebase-functions {\"declared\":true,\"installed\":true,\"version\":\"3.13.1\",\"resolution\":\"D:\\\\Projects\\\\AmazonClone\\\\amazon-clone\\\\functions\\\\node_modules\\\\firebase-functions\\\\lib\\\\index.js\"}"}}
[debug] [2021-01-26T12:34:52.168Z] [runtime-status] [9024] Resolved module firebase-functions {"declared":true,"installed":true,"version":"3.13.1","resolution":"D:\\Projects\\AmazonClone\\amazon-clone\\functions\\node_modules\\firebase-functions\\lib\\index.js"} {"metadata":{"emulator":{"name":"functions"},"message":"[runtime-status] [9024] Resolved module firebase-functions {\"declared\":true,\"installed\":true,\"version\":\"3.13.1\",\"resolution\":\"D:\\\\Projects\\\\AmazonClone\\\\amazon-clone\\\\functions\\\\node_modules\\\\firebase-functions\\\\lib\\\\index.js\"}"}}
[debug] [2021-01-26T12:34:52.170Z] [runtime-status] [9024] Outgoing network have been stubbed. [{"name":"http","status":"mocked"},{"name":"http","status":"mocked"},{"name":"https","status":"mocked"},{"name":"https","status":"mocked"},{"name":"net","status":"mocked"}] {"metadata":{"emulator":{"name":"functions"},"message":"[runtime-status] [9024] Outgoing network have been stubbed. [{\"name\":\"http\",\"status\":\"mocked\"},{\"name\":\"http\",\"status\":\"mocked\"},{\"name\":\"https\",\"status\":\"mocked\"},{\"name\":\"https\",\"status\":\"mocked\"},{\"name\":\"net\",\"status\":\"mocked\"}]"}}
[debug] [2021-01-26T12:34:52.171Z] [runtime-status] [9024] Resolved module firebase-functions {"declared":true,"installed":true,"version":"3.13.1","resolution":"D:\\Projects\\AmazonClone\\amazon-clone\\functions\\node_modules\\firebase-functions\\lib\\index.js"} {"metadata":{"emulator":{"name":"functions"},"message":"[runtime-status] [9024] Resolved module firebase-functions {\"declared\":true,\"installed\":true,\"version\":\"3.13.1\",\"resolution\":\"D:\\\\Projects\\\\AmazonClone\\\\amazon-clone\\\\functions\\\\node_modules\\\\firebase-functions\\\\lib\\\\index.js\"}"}}
[debug] [2021-01-26T12:34:52.384Z] [runtime-status] [9024] Checked functions.config() {"config":{}} {"metadata":{"emulator":{"name":"functions"},"message":"[runtime-status] [9024] Checked functions.config() {\"config\":{}}"}}
[debug] [2021-01-26T12:34:52.384Z] [runtime-status] [9024] firebase-functions has been stubbed. {"functionsResolution":{"declared":true,"installed":true,"version":"3.13.1","resolution":"D:\\Projects\\AmazonClone\\amazon-clone\\functions\\node_modules\\firebase-functions\\lib\\index.js"}} {"metadata":{"emulator":{"name":"functions"},"message":"[runtime-status] [9024] firebase-functions has been stubbed. {\"functionsResolution\":{\"declared\":true,\"installed\":true,\"version\":\"3.13.1\",\"resolution\":\"D:\\\\Projects\\\\AmazonClone\\\\amazon-clone\\\\functions\\\\node_modules\\\\firebase-functions\\\\lib\\\\index.js\"}}"}}
[debug] [2021-01-26T12:34:52.385Z] [runtime-status] [9024] Resolved module firebase-functions {"declared":true,"installed":true,"version":"3.13.1","resolution":"D:\\Projects\\AmazonClone\\amazon-clone\\functions\\node_modules\\firebase-functions\\lib\\index.js"} {"metadata":{"emulator":{"name":"functions"},"message":"[runtime-status] [9024] Resolved module firebase-functions {\"declared\":true,\"installed\":true,\"version\":\"3.13.1\",\"resolution\":\"D:\\\\Projects\\\\AmazonClone\\\\amazon-clone\\\\functions\\\\node_modules\\\\firebase-functions\\\\lib\\\\index.js\"}"}}
[debug] [2021-01-26T12:34:52.386Z] [runtime-status] [9024] Resolved module firebase-admin {"declared":true,"installed":true,"version":"9.4.2","resolution":"D:\\Projects\\AmazonClone\\amazon-clone\\functions\\node_modules\\firebase-admin\\lib\\index.js"} {"metadata":{"emulator":{"name":"functions"},"message":"[runtime-status] [9024] Resolved module firebase-admin {\"declared\":true,\"installed\":true,\"version\":\"9.4.2\",\"resolution\":\"D:\\\\Projects\\\\AmazonClone\\\\amazon-clone\\\\functions\\\\node_modules\\\\firebase-admin\\\\lib\\\\index.js\"}"}}
[debug] [2021-01-26T12:34:52.386Z] [runtime-status] [9024] Resolved module firebase-functions {"declared":true,"installed":true,"version":"3.13.1","resolution":"D:\\Projects\\AmazonClone\\amazon-clone\\functions\\node_modules\\firebase-functions\\lib\\index.js"} {"metadata":{"emulator":{"name":"functions"},"message":"[runtime-status] [9024] Resolved module firebase-functions {\"declared\":true,\"installed\":true,\"version\":\"3.13.1\",\"resolution\":\"D:\\\\Projects\\\\AmazonClone\\\\amazon-clone\\\\functions\\\\node_modules\\\\firebase-functions\\\\lib\\\\index.js\"}"}}
[debug] [2021-01-26T12:34:52.387Z] [runtime-status] [9024] firebase-admin has been stubbed. {"adminResolution":{"declared":true,"installed":true,"version":"9.4.2","resolution":"D:\\Projects\\AmazonClone\\amazon-clone\\functions\\node_modules\\firebase-admin\\lib\\index.js"}} {"metadata":{"emulator":{"name":"functions"},"message":"[runtime-status] [9024] firebase-admin has been stubbed. {\"adminResolution\":{\"declared\":true,\"installed\":true,\"version\":\"9.4.2\",\"resolution\":\"D:\\\\Projects\\\\AmazonClone\\\\amazon-clone\\\\functions\\\\node_modules\\\\firebase-admin\\\\lib\\\\index.js\"}}"}}
[info] +  functions[api]: http function initialized (http://localhost:5001/my--clone-6f40a/us-central1/api). {"metadata":{"emulator":{"name":"functions"},"message":"\u001b[1mhttp\u001b[22m function initialized (http://localhost:5001/my--clone-6f40a/us-central1/api)."}}
[info] 
┌─────────────────────────────────────────────────────────────┐
│ ✔  All emulators ready! It is now safe to connect your app. │
│ i  View Emulator UI at http://localhost:4000                │
└─────────────────────────────────────────────────────────────┘

┌───────────┬────────────────┬─────────────────────────────────┐
│ Emulator  │ Host:Port      │ View in Emulator UI             │
├───────────┼────────────────┼─────────────────────────────────┤
│ Functions │ localhost:5001 │ http://localhost:4000/functions │
├───────────┼────────────────┼─────────────────────────────────┤
│ Hosting   │ localhost:5000 │ n/a                             │
└───────────┴────────────────┴─────────────────────────────────┘
  Emulator Hub running at localhost:4400
  Other reserved ports: 4500

Issues? Report them at https://github.com/firebase/firebase-tools/issues and attach the *-debug.log files.
 
[debug] [2021-01-26T12:34:52.811Z] [worker-~diagnostic~-1c7618da-25e7-4a03-8b9d-200ec01cec80]: IDLE {"metadata":{"emulator":{"name":"functions"},"message":"[worker-~diagnostic~-1c7618da-25e7-4a03-8b9d-200ec01cec80]: IDLE"}}
[debug] [2021-01-26T12:35:41.797Z] [work-queue] {"queueLength":1,"workRunningCount":0}
[debug] [2021-01-26T12:35:41.798Z] [work-queue] {"queueLength":0,"workRunningCount":1}
[debug] [2021-01-26T12:35:41.798Z] Accepted request POST /my--clone-6f40a/us-central1/api/payments/create?total=134594 --> api
[debug] [2021-01-26T12:35:41.805Z] [worker-pool] addWorker(api) {"metadata":{"emulator":{"name":"functions"},"message":"[worker-pool] addWorker(api)"}}
[debug] [2021-01-26T12:35:41.806Z] [worker-pool] Adding worker with key api, total=1 {"metadata":{"emulator":{"name":"functions"},"message":"[worker-pool] Adding worker with key api, total=1"}}
[debug] [2021-01-26T12:35:41.806Z] [worker-pool] submitWork(triggerId=api) {"metadata":{"emulator":{"name":"functions"},"message":"[worker-pool] submitWork(triggerId=api)"}}
[debug] [2021-01-26T12:35:41.806Z] [worker-api-d7a43d02-2338-47ee-8a22-1f98fda56473]: Assigning socketPath: \\?\pipe\D:\Projects\AmazonClone\amazon-clone\functions\12960 {"metadata":{"emulator":{"name":"functions"},"message":"[worker-api-d7a43d02-2338-47ee-8a22-1f98fda56473]: Assigning socketPath: \\\\?\\pipe\\D:\\Projects\\AmazonClone\\amazon-clone\\functions\\12960"}}
[debug] [2021-01-26T12:35:41.806Z] [worker-api-d7a43d02-2338-47ee-8a22-1f98fda56473]: BUSY {"metadata":{"emulator":{"name":"functions"},"message":"[worker-api-d7a43d02-2338-47ee-8a22-1f98fda56473]: BUSY"}}
[debug] [2021-01-26T12:35:42.059Z] [runtime-status] [12960] Functions runtime initialized. {"cwd":"D:\\Projects\\AmazonClone\\amazon-clone\\functions","node_version":"14.15.4"} {"metadata":{"emulator":{"name":"functions"},"function":{"name":"api"},"message":"[runtime-status] [12960] Functions runtime initialized. {\"cwd\":\"D:\\\\Projects\\\\AmazonClone\\\\amazon-clone\\\\functions\",\"node_version\":\"14.15.4\"}"}}
[debug] [2021-01-26T12:35:42.061Z] [runtime-status] [12960] Disabled runtime features: undefined {"metadata":{"emulator":{"name":"functions"},"function":{"name":"api"},"message":"[runtime-status] [12960] Disabled runtime features: undefined"}}
[debug] [2021-01-26T12:35:42.064Z] [runtime-status] [12960] Resolved module firebase-admin {"declared":true,"installed":true,"version":"9.4.2","resolution":"D:\\Projects\\AmazonClone\\amazon-clone\\functions\\node_modules\\firebase-admin\\lib\\index.js"} {"metadata":{"emulator":{"name":"functions"},"function":{"name":"api"},"message":"[runtime-status] [12960] Resolved module firebase-admin {\"declared\":true,\"installed\":true,\"version\":\"9.4.2\",\"resolution\":\"D:\\\\Projects\\\\AmazonClone\\\\amazon-clone\\\\functions\\\\node_modules\\\\firebase-admin\\\\lib\\\\index.js\"}"}}
[debug] [2021-01-26T12:35:42.066Z] [runtime-status] [12960] Resolved module firebase-functions {"declared":true,"installed":true,"version":"3.13.1","resolution":"D:\\Projects\\AmazonClone\\amazon-clone\\functions\\node_modules\\firebase-functions\\lib\\index.js"} {"metadata":{"emulator":{"name":"functions"},"function":{"name":"api"},"message":"[runtime-status] [12960] Resolved module firebase-functions {\"declared\":true,\"installed\":true,\"version\":\"3.13.1\",\"resolution\":\"D:\\\\Projects\\\\AmazonClone\\\\amazon-clone\\\\functions\\\\node_modules\\\\firebase-functions\\\\lib\\\\index.js\"}"}}
[debug] [2021-01-26T12:35:42.068Z] [runtime-status] [12960] Resolved module firebase-functions {"declared":true,"installed":true,"version":"3.13.1","resolution":"D:\\Projects\\AmazonClone\\amazon-clone\\functions\\node_modules\\firebase-functions\\lib\\index.js"} {"metadata":{"emulator":{"name":"functions"},"function":{"name":"api"},"message":"[runtime-status] [12960] Resolved module firebase-functions {\"declared\":true,\"installed\":true,\"version\":\"3.13.1\",\"resolution\":\"D:\\\\Projects\\\\AmazonClone\\\\amazon-clone\\\\functions\\\\node_modules\\\\firebase-functions\\\\lib\\\\index.js\"}"}}
[debug] [2021-01-26T12:35:42.070Z] [runtime-status] [12960] Outgoing network have been stubbed. [{"name":"http","status":"mocked"},{"name":"http","status":"mocked"},{"name":"https","status":"mocked"},{"name":"https","status":"mocked"},{"name":"net","status":"mocked"}] {"metadata":{"emulator":{"name":"functions"},"function":{"name":"api"},"message":"[runtime-status] [12960] Outgoing network have been stubbed. [{\"name\":\"http\",\"status\":\"mocked\"},{\"name\":\"http\",\"status\":\"mocked\"},{\"name\":\"https\",\"status\":\"mocked\"},{\"name\":\"https\",\"status\":\"mocked\"},{\"name\":\"net\",\"status\":\"mocked\"}]"}}
[debug] [2021-01-26T12:35:42.071Z] [runtime-status] [12960] Resolved module firebase-functions {"declared":true,"installed":true,"version":"3.13.1","resolution":"D:\\Projects\\AmazonClone\\amazon-clone\\functions\\node_modules\\firebase-functions\\lib\\index.js"} {"metadata":{"emulator":{"name":"functions"},"function":{"name":"api"},"message":"[runtime-status] [12960] Resolved module firebase-functions {\"declared\":true,\"installed\":true,\"version\":\"3.13.1\",\"resolution\":\"D:\\\\Projects\\\\AmazonClone\\\\amazon-clone\\\\functions\\\\node_modules\\\\firebase-functions\\\\lib\\\\index.js\"}"}}
[debug] [2021-01-26T12:35:42.123Z] [runtime-status] [12960] Checked functions.config() {"config":{}} {"metadata":{"emulator":{"name":"functions"},"function":{"name":"api"},"message":"[runtime-status] [12960] Checked functions.config() {\"config\":{}}"}}
[debug] [2021-01-26T12:35:42.123Z] [runtime-status] [12960] firebase-functions has been stubbed. {"functionsResolution":{"declared":true,"installed":true,"version":"3.13.1","resolution":"D:\\Projects\\AmazonClone\\amazon-clone\\functions\\node_modules\\firebase-functions\\lib\\index.js"}} {"metadata":{"emulator":{"name":"functions"},"function":{"name":"api"},"message":"[runtime-status] [12960] firebase-functions has been stubbed. {\"functionsResolution\":{\"declared\":true,\"installed\":true,\"version\":\"3.13.1\",\"resolution\":\"D:\\\\Projects\\\\AmazonClone\\\\amazon-clone\\\\functions\\\\node_modules\\\\firebase-functions\\\\lib\\\\index.js\"}}"}}
[debug] [2021-01-26T12:35:42.124Z] [runtime-status] [12960] Resolved module firebase-functions {"declared":true,"installed":true,"version":"3.13.1","resolution":"D:\\Projects\\AmazonClone\\amazon-clone\\functions\\node_modules\\firebase-functions\\lib\\index.js"} {"metadata":{"emulator":{"name":"functions"},"function":{"name":"api"},"message":"[runtime-status] [12960] Resolved module firebase-functions {\"declared\":true,\"installed\":true,\"version\":\"3.13.1\",\"resolution\":\"D:\\\\Projects\\\\AmazonClone\\\\amazon-clone\\\\functions\\\\node_modules\\\\firebase-functions\\\\lib\\\\index.js\"}"}}
[debug] [2021-01-26T12:35:42.125Z] [runtime-status] [12960] Resolved module firebase-admin {"declared":true,"installed":true,"version":"9.4.2","resolution":"D:\\Projects\\AmazonClone\\amazon-clone\\functions\\node_modules\\firebase-admin\\lib\\index.js"} {"metadata":{"emulator":{"name":"functions"},"function":{"name":"api"},"message":"[runtime-status] [12960] Resolved module firebase-admin {\"declared\":true,\"installed\":true,\"version\":\"9.4.2\",\"resolution\":\"D:\\\\Projects\\\\AmazonClone\\\\amazon-clone\\\\functions\\\\node_modules\\\\firebase-admin\\\\lib\\\\index.js\"}"}}
[debug] [2021-01-26T12:35:42.126Z] [runtime-status] [12960] Resolved module firebase-functions {"declared":true,"installed":true,"version":"3.13.1","resolution":"D:\\Projects\\AmazonClone\\amazon-clone\\functions\\node_modules\\firebase-functions\\lib\\index.js"} {"metadata":{"emulator":{"name":"functions"},"function":{"name":"api"},"message":"[runtime-status] [12960] Resolved module firebase-functions {\"declared\":true,\"installed\":true,\"version\":\"3.13.1\",\"resolution\":\"D:\\\\Projects\\\\AmazonClone\\\\amazon-clone\\\\functions\\\\node_modules\\\\firebase-functions\\\\lib\\\\index.js\"}"}}
[debug] [2021-01-26T12:35:42.126Z] [runtime-status] [12960] firebase-admin has been stubbed. {"adminResolution":{"declared":true,"installed":true,"version":"9.4.2","resolution":"D:\\Projects\\AmazonClone\\amazon-clone\\functions\\node_modules\\firebase-admin\\lib\\index.js"}} {"metadata":{"emulator":{"name":"functions"},"function":{"name":"api"},"message":"[runtime-status] [12960] firebase-admin has been stubbed. {\"adminResolution\":{\"declared\":true,\"installed\":true,\"version\":\"9.4.2\",\"resolution\":\"D:\\\\Projects\\\\AmazonClone\\\\amazon-clone\\\\functions\\\\node_modules\\\\firebase-admin\\\\lib\\\\index.js\"}}"}}
[debug] [2021-01-26T12:35:42.300Z] [runtime-status] [12960] Trigger "api" has been found, beginning invocation! {"metadata":{"emulator":{"name":"functions"},"function":{"name":"api"},"message":"[runtime-status] [12960] Trigger \"api\" has been found, beginning invocation!"}}
[info] i  functions: Beginning execution of "api" {"metadata":{"emulator":{"name":"functions"},"function":{"name":"api"},"message":"Beginning execution of \"api\""}}
[debug] [2021-01-26T12:35:42.302Z] [runtime-status] [12960] triggerDefinition {"httpsTrigger":{},"name":"api","entryPoint":"api"} {"metadata":{"emulator":{"name":"functions"},"function":{"name":"api"},"message":"[runtime-status] [12960] triggerDefinition {\"httpsTrigger\":{},\"name\":\"api\",\"entryPoint\":\"api\"}"}}
[debug] [2021-01-26T12:35:42.302Z] [runtime-status] [12960] Running api in mode HTTPS {"metadata":{"emulator":{"name":"functions"},"function":{"name":"api"},"message":"[runtime-status] [12960] Running api in mode HTTPS"}}
[debug] [2021-01-26T12:35:42.306Z] [runtime-status] [12960] Attempting to listen to socketPath: \\?\pipe\D:\Projects\AmazonClone\amazon-clone\functions\12960 {"metadata":{"emulator":{"name":"functions"},"function":{"name":"api"},"message":"[runtime-status] [12960] Attempting to listen to socketPath: \\\\?\\pipe\\D:\\Projects\\AmazonClone\\amazon-clone\\functions\\12960"}}
[debug] [2021-01-26T12:35:42.310Z] [functions] Runtime ready! Sending request! {"metadata":{"emulator":{"name":"functions"},"message":"[functions] Runtime ready! Sending request!"}}
[debug] [2021-01-26T12:35:42.311Z] [functions] Got req.url=/my--clone-6f40a/us-central1/api/payments/create?total=134594, mapping to path=/payments/create?total=134594 {"metadata":{"emulator":{"name":"functions"},"message":"[functions] Got req.url=/my--clone-6f40a/us-central1/api/payments/create?total=134594, mapping to path=/payments/create?total=134594"}}
[debug] [2021-01-26T12:35:42.322Z] [runtime-status] [12960] Ephemeral server handling POST request {"metadata":{"emulator":{"name":"functions"},"function":{"name":"api"},"message":"[runtime-status] [12960] Ephemeral server handling POST request"}}
[debug] [2021-01-26T12:35:42.334Z] [runtime-status] [12960] Ephemeral server survived. {"metadata":{"emulator":{"name":"functions"},"function":{"name":"api"},"message":"[runtime-status] [12960] Ephemeral server survived."}}
[info] i  functions: Finished "api" in ~1s {"metadata":{"emulator":{"name":"functions"},"function":{"name":"api"},"message":"Finished \"api\" in ~1s"}}
[debug] [2021-01-26T12:35:43.097Z] [worker-api-d7a43d02-2338-47ee-8a22-1f98fda56473]: IDLE {"metadata":{"emulator":{"name":"functions"},"message":"[worker-api-d7a43d02-2338-47ee-8a22-1f98fda56473]: IDLE"}}
[debug] [2021-01-26T12:35:43.097Z] [work-queue] {"queueLength":0,"workRunningCount":0}
